
                         MODELLER 9.13, 2014/02/12, r9876

     PROTEIN STRUCTURE MODELLING BY SATISFACTION OF SPATIAL RESTRAINTS


                     Copyright(c) 1989-2014 Andrej Sali
                            All Rights Reserved

                             Written by A. Sali
                               with help from
              B. Webb, M.S. Madhusudhan, M-Y. Shen, G.Q. Dong,
          M.A. Marti-Renom, N. Eswar, F. Alber, M. Topf, B. Oliva,
             A. Fiser, R. Sanchez, B. Yerkovich, A. Badretdinov,
                     F. Melo, J.P. Overington, E. Feyfant
                 University of California, San Francisco, USA
                    Rockefeller University, New York, USA
                      Harvard University, Cambridge, USA
                   Imperial Cancer Research Fund, London, UK
              Birkbeck College, University of London, London, UK


Kind, OS, HostName, Kernel, Processor: 4, Darwin natasha.lan 13.0.0 x86_64
Date and time of compilation         : 2014/02/11 22:51:41
MODELLER executable type             : mac10v4-intel64
Job starting time (YY/MM/DD HH:MM:SS): 2014/02/15 18:30:37


check_ali___> Checking the sequence-structure alignment. 

Implied target CA(i)-CA(i+1) distances longer than  8.0 angstroms:

ALN_POS  TMPL  RID1  RID2  NAM1  NAM2     DIST
----------------------------------------------
END OF TABLE
read_to_681_> topology.submodel read from topology file:        3

getf_______W> RTF restraint not found in the atoms list:
              residue type, indices:    18   166
              atom names           : C     +N
              atom indices         :  1315     0

getf_______W> RTF restraint not found in the atoms list:
              residue type, indices:    18   166
              atom names           : C     CA    +N    O
              atom indices         :  1315  1311     0  1316
The following 1 residues contain 6-membered rings with poor geometries
after transfer from templates. Rebuilding rings from internal coordinates:
   <Residue 129 (type PHE)>
mdtrsr__446W> A potential that relies on one protein is used, yet you have at
              least one known structure available. MDT, not library, potential is used.
0 atoms in HETATM/BLK residues constrained
to protein atoms within 2.30 angstroms
and protein CA atoms within 10.00 angstroms
0 atoms in residues without defined topology
constrained to be rigid bodies
condens_443_> Restraints marked for deletion were removed.
              Total number of restraints before, now:    12456    11279


>> ENERGY; Differences between the model's features and restraints:
Number of all residues in MODEL                   :      166
Number of all, selected real atoms                :     1317    1317
Number of all, selected pseudo atoms              :        0       0
Number of all static, selected restraints         :    11279   11279
COVALENT_CYS                                      :        F
NONBONDED_SEL_ATOMS                               :        1
Number of non-bonded pairs (excluding 1-2,1-3,1-4):     2452
Dynamic pairs routine                             : 2, NATM x NATM cell sorting
Atomic shift for contacts update (UPDATE_DYNAMIC) :    0.390
LENNARD_JONES_SWITCH                              :    6.500   7.500
COULOMB_JONES_SWITCH                              :    6.500   7.500
RESIDUE_SPAN_RANGE                                :        0   99999
NLOGN_USE                                         :       15
CONTACT_SHELL                                     :    4.000
DYNAMIC_PAIRS,_SPHERE,_COULOMB,_LENNARD,_MODELLER :        T       T       F       F       F
SPHERE_STDV                                       :    0.050
RADII_FACTOR                                      :    0.820
Current energy                                    :        1136.2153





Summary of the restraint violations: 

   NUM     ... number of restraints.
   NUMVI   ... number of restraints with RVIOL > VIOL_REPORT_CUT[i].
   RVIOL   ... relative difference from the best value.
   NUMVP   ... number of restraints with -Ln(pdf) > VIOL_REPORT_CUT2[i].
   RMS_1   ... RMS(feature, minimally_violated_basis_restraint, NUMB).
   RMS_2   ... RMS(feature, best_value, NUMB).
   MOL.PDF ... scaled contribution to -Ln(Molecular pdf).

 #                     RESTRAINT_GROUP      NUM   NUMVI  NUMVP   RMS_1   RMS_2         MOL.PDF     S_i
------------------------------------------------------------------------------------------------------
 1 Bond length potential              :    1351       0      0   0.004   0.004      6.0494       1.000
 2 Bond angle potential               :    1845       0      0   1.790   1.790      109.59       1.000
 3 Stereochemical cosine torsion poten:     916       0     35  47.666  47.666      324.12       1.000
 4 Stereochemical improper torsion pot:     579       0      0   1.025   1.025      12.220       1.000
 5 Soft-sphere overlap restraints     :    2452       0      0   0.003   0.003      2.5085       1.000
 6 Lennard-Jones 6-12 potential       :       0       0      0   0.000   0.000      0.0000       1.000
 7 Coulomb point-point electrostatic p:       0       0      0   0.000   0.000      0.0000       1.000
 8 H-bonding potential                :       0       0      0   0.000   0.000      0.0000       1.000
 9 Distance restraints 1 (CA-CA)      :    2097       0      1   1.025   1.025      167.72       1.000
10 Distance restraints 2 (N-O)        :    2190       0      3   0.987   0.987      202.96       1.000
11 Mainchain Phi dihedral restraints  :       0       0      0   0.000   0.000      0.0000       1.000
12 Mainchain Psi dihedral restraints  :       0       0      0   0.000   0.000      0.0000       1.000
13 Mainchain Omega dihedral restraints:     165       0      1   3.938   3.938      30.177       1.000
14 Sidechain Chi_1 dihedral restraints:     145       0      1  76.592  76.592      36.666       1.000
15 Sidechain Chi_2 dihedral restraints:     106       0      0  69.594  69.594      49.745       1.000
16 Sidechain Chi_3 dihedral restraints:      40       0      0  65.467  65.467      24.981       1.000
17 Sidechain Chi_4 dihedral restraints:      12       0      0  85.270  85.270      12.159       1.000
18 Disulfide distance restraints      :       0       0      0   0.000   0.000      0.0000       1.000
19 Disulfide angle restraints         :       0       0      0   0.000   0.000      0.0000       1.000
20 Disulfide dihedral angle restraints:       0       0      0   0.000   0.000      0.0000       1.000
21 Lower bound distance restraints    :       0       0      0   0.000   0.000      0.0000       1.000
22 Upper bound distance restraints    :       0       0      0   0.000   0.000      0.0000       1.000
23 Distance restraints 3 (SDCH-MNCH)  :    1414       0      0   0.692   0.692      16.213       1.000
24 Sidechain Chi_5 dihedral restraints:       0       0      0   0.000   0.000      0.0000       1.000
25 Phi/Psi pair of dihedral restraints:     164      35     19  35.643  82.149      121.49       1.000
26 Distance restraints 4 (SDCH-SDCH)  :     255       0      0   1.593   1.593      19.618       1.000
27 Distance restraints 5 (X-Y)        :       0       0      0   0.000   0.000      0.0000       1.000
28 NMR distance restraints 6 (X-Y)    :       0       0      0   0.000   0.000      0.0000       1.000
29 NMR distance restraints 7 (X-Y)    :       0       0      0   0.000   0.000      0.0000       1.000
30 Minimal distance restraints        :       0       0      0   0.000   0.000      0.0000       1.000
31 Non-bonded restraints              :       0       0      0   0.000   0.000      0.0000       1.000
32 Atomic accessibility restraints    :       0       0      0   0.000   0.000      0.0000       1.000
33 Atomic density restraints          :       0       0      0   0.000   0.000      0.0000       1.000
34 Absolute position restraints       :       0       0      0   0.000   0.000      0.0000       1.000
35 Dihedral angle difference restraint:       0       0      0   0.000   0.000      0.0000       1.000
36 GBSA implicit solvent potential    :       0       0      0   0.000   0.000      0.0000       1.000
37 EM density fitting potential       :       0       0      0   0.000   0.000      0.0000       1.000
38 SAXS restraints                    :       0       0      0   0.000   0.000      0.0000       1.000
39 Symmetry restraints                :       0       0      0   0.000   0.000      0.0000       1.000



# Heavy relative violation of each residue is written to: T0644.V99990001
# The profile is NOT normalized by the number of restraints.
# The profiles are smoothed over a window of residues:    1
# The sum of all numbers in the file:   19175.8848



List of the violated restraints:
   A restraint is violated when the relative difference
   from the best value (RVIOL) is larger than CUTOFF.

   ICSR   ... index of a restraint in the current set.
   RESNO  ... residue numbers of the first two atoms.
   ATM    ... IUPAC atom names of the first two atoms.
   FEAT   ... the value of the feature in the model.
   restr  ... the mean of the basis restraint with the smallest
              difference from the model (local minimum).
   viol   ... difference from the local minimum.
   rviol  ... relative difference from the local minimum.
   RESTR  ... the best value (global minimum).
   VIOL   ... difference from the best value.
   RVIOL  ... relative difference from the best value.


-------------------------------------------------------------------------------------------------

Feature 25                           : Phi/Psi pair of dihedral restraints     
List of the RVIOL violations larger than   :       6.5000

    #   ICSR  RESNO1/2 ATM1/2   INDATM1/2    FEAT   restr    viol   rviol   RESTR    VIOL   RVIOL
    1   4692   1M   2K C   N       7    9  -91.27  -70.20   35.84    2.16  -62.90  152.48   21.46
    1          2K   2K N   CA      9   10  169.38  140.40                  -40.80
    2   4694   3F   4L C   N      27   29  -81.16 -108.50   72.29    3.57  -63.50  108.24   14.11
    2          4L   4L N   CA     29   30   65.58  132.50                  -41.20
    3   4701  10T  11A C   N      84   86  -47.42  -68.20   22.98    1.60  -62.50  177.03   29.77
    3         11A  11A N   CA     86   87  135.49  145.30                  -40.90
    4   4706  15S  16V C   N     118  120  -61.52  -62.40    2.96    0.43 -125.40 -171.71   10.56
    4         16V  16V N   CA    120  121  -39.58  -42.40                  143.30
    5   4709  18F  19A C   N     143  145  -67.94  -62.50    5.44    1.05 -134.00 -175.82   11.34
    5         19A  19A N   CA    145  146  -41.08  -40.90                  147.00
    6   4716  25D  26D C   N     189  191  -66.38  -63.30    5.29    0.57  -70.90  174.06    8.80
    6         26D  26D N   CA    191  192  -35.70  -40.00                  150.30
    7   4717  26D  27D C   N     197  199   57.92   54.50   11.41    0.60  -96.50  175.87    7.29
    7         27D  27D N   CA    199  200   30.02   40.90                  114.20
    8   4733  42L  43K C   N     316  318  -67.61 -118.00   73.16    2.61  -62.90  126.95   16.23
    8         43K  43K N   CA    318  319   86.06  139.10                  -40.80
    9   4734  43K  44K C   N     325  327 -164.22 -118.00  121.43    5.11  -62.90  121.92   21.23
    9         44K  44K N   CA    327  328 -108.61  139.10                  -40.80
   10   4736  45L  46Y C   N     342  344 -120.69  -98.40   49.95    4.73  -63.50  139.38   19.64
   10         46Y  46Y N   CA    344  345   83.70  128.40                  -43.40
   11   4739  48N  49A C   N     369  371  -61.83  -62.50    7.93    1.33 -134.00 -166.07    8.81
   11         49A  49A N   CA    371  372  -33.00  -40.90                  147.00
   12   4748  57K  58G C   N     444  446   81.31   78.70   13.46    0.28   82.20  172.19    8.31
   12         58G  58G N   CA    446  447 -179.31 -166.10                    8.50
   13   4758  67A  68D C   N     519  521  -64.09  -70.90   18.58    0.64  -63.30  173.01   21.31
   13         68D  68D N   CA    521  522  133.01  150.30                  -40.00
   14   4759  68D  69G C   N     527  529  103.90   82.20   43.14    1.20  -62.40  166.76   30.26
   14         69G  69G N   CA    529  530  -28.78    8.50                  -41.20
   15   4779  88E  89L C   N     697  699  -60.51  -63.50    5.99    0.73  -70.70  172.30   13.45
   15         89L  89L N   CA    699  700  -46.40  -41.20                  141.60
   16   4781  90N  91S C   N     713  715   61.78  -72.40  135.85   10.25  -64.10 -163.16   14.74
   16         91S  91S N   CA    715  716  173.67  152.40                  -35.00
   17   4782  91S  92I C   N     719  721  -63.88  -63.40    3.21    0.51 -120.60  179.91    8.23
   17         92I  92I N   CA    721  722  -40.43  -43.60                  130.30
   18   4783  92I  93N C   N     727  729  -60.39  -71.20   20.55    1.09   55.90  144.53   10.15
   18         93N  93N N   CA    729  730  125.33  142.80                   39.50
   19   4784  93N  94N C   N     735  737 -147.99 -119.90   82.99    3.06  -63.20  134.04   21.30
   19         94N  94N N   CA    737  738 -144.91  137.00                  -41.10
   20   4791 100L 101T C   N     785  787 -106.85 -124.80   26.66    1.59  -63.20  160.73   23.52
   20        101T 101T N   CA    787  788  163.20  143.50                  -42.10
   21   4796 105E 106S C   N     825  827 -105.85 -136.60   66.51    2.59  -64.10  133.90    8.25
   21        106S 106S N   CA    827  828   92.22  151.20                  -35.00
   22   4797 106S 107S C   N     831  833 -178.28 -136.60  103.25    4.19  -64.10  139.04   18.03
   22        107S 107S N   CA    833  834 -114.34  151.20                  -35.00
   23   4798 107S 108Y C   N     837  839  -78.04  -98.40   20.75    0.85  -63.50  176.40   27.26
   23        108Y 108Y N   CA    839  840  132.40  128.40                  -43.40
   24   4803 112V 113V C   N     886  888 -145.25 -125.40   75.20    3.18  -62.40  131.23   21.49
   24        113V 113V N   CA    888  889 -144.17  143.30                  -42.40
   25   4804 113V 114D C   N     893  895  -61.83  -63.30    4.65    0.50  -96.50  162.36    6.84
   25        114D 114D N   CA    895  896  -44.41  -40.00                  114.20
   26   4808 117V 118I C   N     923  925   76.90 -120.60  162.51   11.22 -120.60  162.51   11.22
   26        118I 118I N   CA    925  926  132.46  130.30                  130.30
   27   4814 123N 124E C   N     975  977  -61.92  -63.60    7.27    0.89 -117.80 -175.51   10.00
   27        124E 124E N   CA    977  978  -47.38  -40.30                  136.80
   28   4835 144S 145E C   N    1144 1146  -67.84  -69.30    6.80    0.57  -63.60  170.61   22.98
   28        145E 145E N   CA   1146 1147  149.14  142.50                  -40.30
   29   4836 145E 146G C   N    1153 1155   80.95   82.20   15.33    0.81  -62.40  147.43   27.45
   29        146G 146G N   CA   1155 1156   -6.77    8.50                  -41.20
   30   4837 146G 147G C   N    1157 1159  -71.23  -62.40   10.38    1.57   82.20  159.68   12.00
   30        147G 147G N   CA   1159 1160  -35.74  -41.20                    8.50
   31   4838 147G 148G C   N    1161 1163   92.27   82.20   35.59    1.23  -62.40  155.45   28.35
   31        148G 148G N   CA   1163 1164  -25.64    8.50                  -41.20
   32   4843 152E 153K C   N    1200 1202  -63.98  -62.90    7.37    1.02 -118.00 -178.95    9.30
   32        153K 153K N   CA   1202 1203  -48.09  -40.80                  139.10
   33   4844 153K 154D C   N    1209 1211  -99.96  -70.90   29.23    2.31  -63.30  176.67   24.15
   33        154D 154D N   CA   1211 1212  147.18  150.30                  -40.00
   34   4847 156T 157N C   N    1231 1233 -135.38 -119.90   81.33    4.02   55.90  169.64   19.80
   34        157N 157N N   CA   1233 1234   57.15  137.00                   39.50
   35   4854 163W 164P C   N    1290 1292  -76.01  -58.70   23.22    1.73  -64.50  162.63   12.75
   35        164P 164P N   CA   1292 1293  -15.02  -30.50                  147.20


report______> Distribution of short non-bonded contacts:


DISTANCE1:  0.00 2.10 2.20 2.30 2.40 2.50 2.60 2.70 2.80 2.90 3.00 3.10 3.20 3.30 3.40
DISTANCE2:  2.10 2.20 2.30 2.40 2.50 2.60 2.70 2.80 2.90 3.00 3.10 3.20 3.30 3.40 3.50
FREQUENCY:     0    0    0    0    0   13   17   83   98  119  127  140  169  160  152


<< end of ENERGY.
>> Model assessment by DOPE potential
iatmcls_286W> MODEL atom not classified:  VAL:OXT  VAL


>> ENERGY; Differences between the model's features and restraints:
Number of all residues in MODEL                   :      166
Number of all, selected real atoms                :     1317    1317
Number of all, selected pseudo atoms              :        0       0
Number of all static, selected restraints         :    11279   11279
COVALENT_CYS                                      :        F
NONBONDED_SEL_ATOMS                               :        1
Number of non-bonded pairs (excluding 1-2,1-3,1-4):   177850
Dynamic pairs routine                             : 1, NATM x NATM double loop
Atomic shift for contacts update (UPDATE_DYNAMIC) :    0.390
LENNARD_JONES_SWITCH                              :    6.500   7.500
COULOMB_JONES_SWITCH                              :    6.500   7.500
RESIDUE_SPAN_RANGE                                :        1    9999
NLOGN_USE                                         :       15
CONTACT_SHELL                                     :   15.000
DYNAMIC_PAIRS,_SPHERE,_COULOMB,_LENNARD,_MODELLER :        T       F       F       F       T
SPHERE_STDV                                       :    0.050
RADII_FACTOR                                      :    0.820
Current energy                                    :      -11492.7539




<< end of ENERGY.
DOPE score               : -11492.753906
>> Model assessment by GA341 potential

Surface library          : /Library/modeller-9.13/modlib/surf5.de
Pair library             : /Library/modeller-9.13/modlib/pair9.de
Chain identifier         : _
% sequence identity      :    21.687000
Sequence length          :          166
Compactness              :     0.083665
Native energy (pair)     :    45.475973
Native energy (surface)  :     7.291802
Native energy (combined) :     3.987559
Z score (pair)           :    -2.709595
Z score (surface)        :    -2.138010
Z score (combined)       :    -3.394614
GA341 score              :     0.191282

iupac_m_397W> Atoms were not swapped because of the uncertainty of how to handle the H atom.
iupac_m_397W> Atoms were not swapped because of the uncertainty of how to handle the H atom.
iupac_m_397W> Atoms were not swapped because of the uncertainty of how to handle the H atom.
iupac_m_397W> Atoms were not swapped because of the uncertainty of how to handle the H atom.
iupac_m_397W> Atoms were not swapped because of the uncertainty of how to handle the H atom.
iupac_m_397W> Atoms were not swapped because of the uncertainty of how to handle the H atom.


>> ENERGY; Differences between the model's features and restraints:
Number of all residues in MODEL                   :      166
Number of all, selected real atoms                :     1317    1317
Number of all, selected pseudo atoms              :        0       0
Number of all static, selected restraints         :    11279   11279
COVALENT_CYS                                      :        F
NONBONDED_SEL_ATOMS                               :        1
Number of non-bonded pairs (excluding 1-2,1-3,1-4):     2413
Dynamic pairs routine                             : 2, NATM x NATM cell sorting
Atomic shift for contacts update (UPDATE_DYNAMIC) :    0.390
LENNARD_JONES_SWITCH                              :    6.500   7.500
COULOMB_JONES_SWITCH                              :    6.500   7.500
RESIDUE_SPAN_RANGE                                :        0   99999
NLOGN_USE                                         :       15
CONTACT_SHELL                                     :    4.000
DYNAMIC_PAIRS,_SPHERE,_COULOMB,_LENNARD,_MODELLER :        T       T       F       F       F
SPHERE_STDV                                       :    0.050
RADII_FACTOR                                      :    0.820
Current energy                                    :        1033.3949





Summary of the restraint violations: 

   NUM     ... number of restraints.
   NUMVI   ... number of restraints with RVIOL > VIOL_REPORT_CUT[i].
   RVIOL   ... relative difference from the best value.
   NUMVP   ... number of restraints with -Ln(pdf) > VIOL_REPORT_CUT2[i].
   RMS_1   ... RMS(feature, minimally_violated_basis_restraint, NUMB).
   RMS_2   ... RMS(feature, best_value, NUMB).
   MOL.PDF ... scaled contribution to -Ln(Molecular pdf).

 #                     RESTRAINT_GROUP      NUM   NUMVI  NUMVP   RMS_1   RMS_2         MOL.PDF     S_i
------------------------------------------------------------------------------------------------------
 1 Bond length potential              :    1351       0      0   0.004   0.004      5.2756       1.000
 2 Bond angle potential               :    1845       0      1   1.736   1.736      105.22       1.000
 3 Stereochemical cosine torsion poten:     916       0     36  48.514  48.514      329.64       1.000
 4 Stereochemical improper torsion pot:     579       0      0   0.976   0.976      11.033       1.000
 5 Soft-sphere overlap restraints     :    2413       0      0   0.002   0.002      1.6864       1.000
 6 Lennard-Jones 6-12 potential       :       0       0      0   0.000   0.000      0.0000       1.000
 7 Coulomb point-point electrostatic p:       0       0      0   0.000   0.000      0.0000       1.000
 8 H-bonding potential                :       0       0      0   0.000   0.000      0.0000       1.000
 9 Distance restraints 1 (CA-CA)      :    2097       0      0   0.826   0.826      116.41       1.000
10 Distance restraints 2 (N-O)        :    2190       0      2   1.015   1.015      167.38       1.000
11 Mainchain Phi dihedral restraints  :       0       0      0   0.000   0.000      0.0000       1.000
12 Mainchain Psi dihedral restraints  :       0       0      0   0.000   0.000      0.0000       1.000
13 Mainchain Omega dihedral restraints:     165       0      0   3.916   3.916      29.844       1.000
14 Sidechain Chi_1 dihedral restraints:     145       0      1  83.586  83.586      38.392       1.000
15 Sidechain Chi_2 dihedral restraints:     106       0      0  76.055  76.055      41.625       1.000
16 Sidechain Chi_3 dihedral restraints:      40       0      0  72.157  72.157      29.123       1.000
17 Sidechain Chi_4 dihedral restraints:      12       0      0  89.579  89.579      7.4325       1.000
18 Disulfide distance restraints      :       0       0      0   0.000   0.000      0.0000       1.000
19 Disulfide angle restraints         :       0       0      0   0.000   0.000      0.0000       1.000
20 Disulfide dihedral angle restraints:       0       0      0   0.000   0.000      0.0000       1.000
21 Lower bound distance restraints    :       0       0      0   0.000   0.000      0.0000       1.000
22 Upper bound distance restraints    :       0       0      0   0.000   0.000      0.0000       1.000
23 Distance restraints 3 (SDCH-MNCH)  :    1414       0      0   0.761   0.761      24.995       1.000
24 Sidechain Chi_5 dihedral restraints:       0       0      0   0.000   0.000      0.0000       1.000
25 Phi/Psi pair of dihedral restraints:     164      32     25  32.580  77.757      102.67       1.000
26 Distance restraints 4 (SDCH-SDCH)  :     255       0      0   1.627   1.627      22.668       1.000
27 Distance restraints 5 (X-Y)        :       0       0      0   0.000   0.000      0.0000       1.000
28 NMR distance restraints 6 (X-Y)    :       0       0      0   0.000   0.000      0.0000       1.000
29 NMR distance restraints 7 (X-Y)    :       0       0      0   0.000   0.000      0.0000       1.000
30 Minimal distance restraints        :       0       0      0   0.000   0.000      0.0000       1.000
31 Non-bonded restraints              :       0       0      0   0.000   0.000      0.0000       1.000
32 Atomic accessibility restraints    :       0       0      0   0.000   0.000      0.0000       1.000
33 Atomic density restraints          :       0       0      0   0.000   0.000      0.0000       1.000
34 Absolute position restraints       :       0       0      0   0.000   0.000      0.0000       1.000
35 Dihedral angle difference restraint:       0       0      0   0.000   0.000      0.0000       1.000
36 GBSA implicit solvent potential    :       0       0      0   0.000   0.000      0.0000       1.000
37 EM density fitting potential       :       0       0      0   0.000   0.000      0.0000       1.000
38 SAXS restraints                    :       0       0      0   0.000   0.000      0.0000       1.000
39 Symmetry restraints                :       0       0      0   0.000   0.000      0.0000       1.000



# Heavy relative violation of each residue is written to: T0644.V99990002
# The profile is NOT normalized by the number of restraints.
# The profiles are smoothed over a window of residues:    1
# The sum of all numbers in the file:   18961.4512



List of the violated restraints:
   A restraint is violated when the relative difference
   from the best value (RVIOL) is larger than CUTOFF.

   ICSR   ... index of a restraint in the current set.
   RESNO  ... residue numbers of the first two atoms.
   ATM    ... IUPAC atom names of the first two atoms.
   FEAT   ... the value of the feature in the model.
   restr  ... the mean of the basis restraint with the smallest
              difference from the model (local minimum).
   viol   ... difference from the local minimum.
   rviol  ... relative difference from the local minimum.
   RESTR  ... the best value (global minimum).
   VIOL   ... difference from the best value.
   RVIOL  ... relative difference from the best value.


-------------------------------------------------------------------------------------------------

Feature 25                           : Phi/Psi pair of dihedral restraints     
List of the RVIOL violations larger than   :       6.5000

    #   ICSR  RESNO1/2 ATM1/2   INDATM1/2    FEAT   restr    viol   rviol   RESTR    VIOL   RVIOL
    1   4694   3F   4L C   N      27   29  -55.49  -70.70   20.39    2.04  -63.50  163.82   22.30
    1          4L   4L N   CA     29   30  155.17  141.60                  -41.20
    2   4695   4L   5K C   N      35   37   69.70  -70.20  152.62   12.37  -62.90  177.38   22.02
    2          5K   5K N   CA     37   38 -158.62  140.40                  -40.80
    3   4701  10T  11A C   N      84   86   51.83   55.40    5.96    0.25  -62.50  141.80   28.73
    3         11A  11A N   CA     86   87   42.98   38.20                  -40.90
    4   4706  15S  16V C   N     118  120  -57.72  -62.40    6.15    0.73 -125.40 -176.74   10.34
    4         16V  16V N   CA    120  121  -46.39  -42.40                  143.30
    5   4718  27D  28D C   N     205  207 -166.24  -96.50   88.89    3.71  -70.90   97.22    6.64
    5         28D  28D N   CA    207  208  169.31  114.20                  150.30
    6   4733  42L  43K C   N     316  318  -70.96 -118.00   65.04    2.28  -62.90  135.23   17.14
    6         43K  43K N   CA    318  319   94.19  139.10                  -40.80
    7   4734  43K  44K C   N     325  327 -151.90 -118.00   85.16    3.55  -62.90  135.35   22.73
    7         44K  44K N   CA    327  328 -142.77  139.10                  -40.80
    8   4736  45L  46Y C   N     342  344 -110.61  -98.40   71.70    7.47  -63.50  111.58   15.69
    8         46Y  46Y N   CA    344  345   57.75  128.40                  -43.40
    9   4739  48N  49A C   N     369  371  -63.28  -62.50    6.66    1.06 -134.00 -167.80   11.84
    9         49A  49A N   CA    371  372  -34.29  -40.90                  147.00
   10   4748  57K  58G C   N     444  446   71.21   78.70   11.98    0.62   82.20  176.38    8.01
   10         58G  58G N   CA    446  447 -175.46 -166.10                    8.50
   11   4758  67A  68D C   N     519  521  -63.31  -70.90   27.71    1.03  -63.30  163.64   20.20
   11         68D  68D N   CA    521  522  123.64  150.30                  -40.00
   12   4759  68D  69G C   N     527  529   83.29   82.20    4.92    0.18  -62.40  152.45   28.58
   12         69G  69G N   CA    529  530    3.70    8.50                  -41.20
   13   4769  78A  79N C   N     614  616  -86.55 -119.90   42.76    1.24  -63.20  153.12   17.95
   13         79N  79N N   CA    616  617  110.23  137.00                  -41.10
   14   4770  79N  80A C   N     622  624  -54.93  -68.20   31.39    2.09   55.40  135.50    8.97
   14         80A  80A N   CA    624  625  116.85  145.30                   38.20
   15   4781  90N  91S C   N     713  715   56.70  -72.40  131.04    9.93  -64.10 -167.33   14.23
   15         91S  91S N   CA    715  716  174.90  152.40                  -35.00
   16   4783  92I  93N C   N     727  729 -137.75 -119.90   20.29    0.62   55.90 -162.14   24.31
   16         93N  93N N   CA    729  730  146.64  137.00                   39.50
   17   4784  93N  94N C   N     735  737  -99.21 -119.90   30.75    1.67  -63.20  163.17   22.45
   17         94N  94N N   CA    737  738  159.75  137.00                  -41.10
   18   4791 100L 101T C   N     785  787 -128.28 -124.80   33.77    1.55  -63.20  165.36   17.82
   18        101T 101T N   CA    787  788  109.91  143.50                  -42.10
   19   4792 101T 102A C   N     792  794 -107.85 -134.00   56.99    2.39  -62.50  144.55   21.96
   19        102A 102A N   CA    794  795   96.36  147.00                  -40.90
   20   4793 102A 103F C   N     797  799   57.03   58.10    8.81    0.84  -63.20  138.35   24.90
   20        103F 103F N   CA    799  800   24.15   32.90                  -44.30
   21   4797 106S 107S C   N     831  833  -87.43  -72.40   55.54    2.79  -64.10  121.39   10.36
   21        107S 107S N   CA    833  834 -154.13  152.40                  -35.00
   22   4798 107S 108Y C   N     837  839  -53.00  -98.40   47.03    2.06  -63.50  176.25   27.43
   22        108Y 108Y N   CA    839  840  140.66  128.40                  -43.40
   23   4799 108Y 109N C   N     849  851  -98.14 -119.90   61.16    2.23  -63.20  125.88   14.11
   23        109N 109N N   CA    851  852   79.84  137.00                  -41.10
   24   4803 112V 113V C   N     886  888 -137.79 -125.40   62.36    2.76  -62.40  135.99   21.75
   24        113V 113V N   CA    888  889 -155.58  143.30                  -42.40
   25   4804 113V 114D C   N     893  895  -61.79  -63.30    1.51    0.24  -96.50  158.11    6.66
   25        114D 114D N   CA    895  896  -40.05  -40.00                  114.20
   26   4807 116V 117V C   N     916  918  -59.60  -62.40    9.38    1.06 -125.40  177.96   10.04
   26        117V 117V N   CA    918  919  -51.35  -42.40                  143.30
   27   4814 123N 124E C   N     975  977  -63.77  -63.60    5.13    0.69 -117.80 -174.20   10.05
   27        124E 124E N   CA    977  978  -45.43  -40.30                  136.80
   28   4837 146G 147G C   N    1157 1159  -77.35  -80.20    5.82    0.37   82.20 -126.37    7.05
   28        147G 147G N   CA   1159 1160  179.17  174.10                    8.50
   29   4843 152E 153K C   N    1200 1202  -63.01  -62.90   18.43    2.40 -118.00  170.76    8.80
   29        153K 153K N   CA   1202 1203  -59.23  -40.80                  139.10
   30   4844 153K 154D C   N    1209 1211  -93.65  -70.90   36.31    1.32  -63.30  144.63   19.79
   30        154D 154D N   CA   1211 1212  178.59  150.30                  -40.00
   31   4847 156T 157N C   N    1231 1233 -133.25 -119.90   27.22    1.46   55.90 -173.90   22.94
   31        157N 157N N   CA   1233 1234  113.29  137.00                   39.50
   32   4848 157N 158G C   N    1239 1241   63.57   78.70   48.57    0.82   82.20  129.80    7.22
   32        158G 158G N   CA   1241 1242 -119.95 -166.10                    8.50


report______> Distribution of short non-bonded contacts:


DISTANCE1:  0.00 2.10 2.20 2.30 2.40 2.50 2.60 2.70 2.80 2.90 3.00 3.10 3.20 3.30 3.40
DISTANCE2:  2.10 2.20 2.30 2.40 2.50 2.60 2.70 2.80 2.90 3.00 3.10 3.20 3.30 3.40 3.50
FREQUENCY:     0    0    0    0    0   14   24   77  103  123  123  134  158  147  168


<< end of ENERGY.
>> Model assessment by DOPE potential
iatmcls_286W> MODEL atom not classified:  VAL:OXT  VAL


>> ENERGY; Differences between the model's features and restraints:
Number of all residues in MODEL                   :      166
Number of all, selected real atoms                :     1317    1317
Number of all, selected pseudo atoms              :        0       0
Number of all static, selected restraints         :    11279   11279
COVALENT_CYS                                      :        F
NONBONDED_SEL_ATOMS                               :        1
Number of non-bonded pairs (excluding 1-2,1-3,1-4):   173084
Dynamic pairs routine                             : 1, NATM x NATM double loop
Atomic shift for contacts update (UPDATE_DYNAMIC) :    0.390
LENNARD_JONES_SWITCH                              :    6.500   7.500
COULOMB_JONES_SWITCH                              :    6.500   7.500
RESIDUE_SPAN_RANGE                                :        1    9999
NLOGN_USE                                         :       15
CONTACT_SHELL                                     :   15.000
DYNAMIC_PAIRS,_SPHERE,_COULOMB,_LENNARD,_MODELLER :        T       F       F       F       T
SPHERE_STDV                                       :    0.050
RADII_FACTOR                                      :    0.820
Current energy                                    :      -10978.5781




<< end of ENERGY.
DOPE score               : -10978.578125
>> Model assessment by GA341 potential

Surface library          : /Library/modeller-9.13/modlib/surf5.de
Pair library             : /Library/modeller-9.13/modlib/pair9.de
Chain identifier         : _
% sequence identity      :    21.687000
Sequence length          :          166
Compactness              :     0.135900
Native energy (pair)     :    42.125784
Native energy (surface)  :     8.014064
Native energy (combined) :     3.868207
Z score (pair)           :    -1.872486
Z score (surface)        :    -2.084497
Z score (combined)       :    -2.402089
GA341 score              :     0.088228



>> ENERGY; Differences between the model's features and restraints:
Number of all residues in MODEL                   :      166
Number of all, selected real atoms                :     1317    1317
Number of all, selected pseudo atoms              :        0       0
Number of all static, selected restraints         :    11279   11279
COVALENT_CYS                                      :        F
NONBONDED_SEL_ATOMS                               :        1
Number of non-bonded pairs (excluding 1-2,1-3,1-4):     2404
Dynamic pairs routine                             : 2, NATM x NATM cell sorting
Atomic shift for contacts update (UPDATE_DYNAMIC) :    0.390
LENNARD_JONES_SWITCH                              :    6.500   7.500
COULOMB_JONES_SWITCH                              :    6.500   7.500
RESIDUE_SPAN_RANGE                                :        0   99999
NLOGN_USE                                         :       15
CONTACT_SHELL                                     :    4.000
DYNAMIC_PAIRS,_SPHERE,_COULOMB,_LENNARD,_MODELLER :        T       T       F       F       F
SPHERE_STDV                                       :    0.050
RADII_FACTOR                                      :    0.820
Current energy                                    :         975.2723





Summary of the restraint violations: 

   NUM     ... number of restraints.
   NUMVI   ... number of restraints with RVIOL > VIOL_REPORT_CUT[i].
   RVIOL   ... relative difference from the best value.
   NUMVP   ... number of restraints with -Ln(pdf) > VIOL_REPORT_CUT2[i].
   RMS_1   ... RMS(feature, minimally_violated_basis_restraint, NUMB).
   RMS_2   ... RMS(feature, best_value, NUMB).
   MOL.PDF ... scaled contribution to -Ln(Molecular pdf).

 #                     RESTRAINT_GROUP      NUM   NUMVI  NUMVP   RMS_1   RMS_2         MOL.PDF     S_i
------------------------------------------------------------------------------------------------------
 1 Bond length potential              :    1351       0      0   0.003   0.003      4.2446       1.000
 2 Bond angle potential               :    1845       0      0   1.661   1.661      96.087       1.000
 3 Stereochemical cosine torsion poten:     916       0     35  48.373  48.373      330.42       1.000
 4 Stereochemical improper torsion pot:     579       0      0   0.952   0.952      10.433       1.000
 5 Soft-sphere overlap restraints     :    2404       0      0   0.003   0.003      2.0052       1.000
 6 Lennard-Jones 6-12 potential       :       0       0      0   0.000   0.000      0.0000       1.000
 7 Coulomb point-point electrostatic p:       0       0      0   0.000   0.000      0.0000       1.000
 8 H-bonding potential                :       0       0      0   0.000   0.000      0.0000       1.000
 9 Distance restraints 1 (CA-CA)      :    2097       0      0   0.877   0.877      130.87       1.000
10 Distance restraints 2 (N-O)        :    2190       0      1   0.950   0.950      160.38       1.000
11 Mainchain Phi dihedral restraints  :       0       0      0   0.000   0.000      0.0000       1.000
12 Mainchain Psi dihedral restraints  :       0       0      0   0.000   0.000      0.0000       1.000
13 Mainchain Omega dihedral restraints:     165       0      0   3.854   3.854      28.901       1.000
14 Sidechain Chi_1 dihedral restraints:     145       0      0  82.876  82.876      34.747       1.000
15 Sidechain Chi_2 dihedral restraints:     106       0      0  64.246  64.246      34.716       1.000
16 Sidechain Chi_3 dihedral restraints:      40       0      0  55.450  55.450      26.117       1.000
17 Sidechain Chi_4 dihedral restraints:      12       0      0  80.998  80.998      7.7032       1.000
18 Disulfide distance restraints      :       0       0      0   0.000   0.000      0.0000       1.000
19 Disulfide angle restraints         :       0       0      0   0.000   0.000      0.0000       1.000
20 Disulfide dihedral angle restraints:       0       0      0   0.000   0.000      0.0000       1.000
21 Lower bound distance restraints    :       0       0      0   0.000   0.000      0.0000       1.000
22 Upper bound distance restraints    :       0       0      0   0.000   0.000      0.0000       1.000
23 Distance restraints 3 (SDCH-MNCH)  :    1414       0      0   0.646   0.646      14.403       1.000
24 Sidechain Chi_5 dihedral restraints:       0       0      0   0.000   0.000      0.0000       1.000
25 Phi/Psi pair of dihedral restraints:     164      24     15  30.711  73.203      78.980       1.000
26 Distance restraints 4 (SDCH-SDCH)  :     255       0      0   1.546   1.546      15.272       1.000
27 Distance restraints 5 (X-Y)        :       0       0      0   0.000   0.000      0.0000       1.000
28 NMR distance restraints 6 (X-Y)    :       0       0      0   0.000   0.000      0.0000       1.000
29 NMR distance restraints 7 (X-Y)    :       0       0      0   0.000   0.000      0.0000       1.000
30 Minimal distance restraints        :       0       0      0   0.000   0.000      0.0000       1.000
31 Non-bonded restraints              :       0       0      0   0.000   0.000      0.0000       1.000
32 Atomic accessibility restraints    :       0       0      0   0.000   0.000      0.0000       1.000
33 Atomic density restraints          :       0       0      0   0.000   0.000      0.0000       1.000
34 Absolute position restraints       :       0       0      0   0.000   0.000      0.0000       1.000
35 Dihedral angle difference restraint:       0       0      0   0.000   0.000      0.0000       1.000
36 GBSA implicit solvent potential    :       0       0      0   0.000   0.000      0.0000       1.000
37 EM density fitting potential       :       0       0      0   0.000   0.000      0.0000       1.000
38 SAXS restraints                    :       0       0      0   0.000   0.000      0.0000       1.000
39 Symmetry restraints                :       0       0      0   0.000   0.000      0.0000       1.000



# Heavy relative violation of each residue is written to: T0644.V99990003
# The profile is NOT normalized by the number of restraints.
# The profiles are smoothed over a window of residues:    1
# The sum of all numbers in the file:   17225.8379



List of the violated restraints:
   A restraint is violated when the relative difference
   from the best value (RVIOL) is larger than CUTOFF.

   ICSR   ... index of a restraint in the current set.
   RESNO  ... residue numbers of the first two atoms.
   ATM    ... IUPAC atom names of the first two atoms.
   FEAT   ... the value of the feature in the model.
   restr  ... the mean of the basis restraint with the smallest
              difference from the model (local minimum).
   viol   ... difference from the local minimum.
   rviol  ... relative difference from the local minimum.
   RESTR  ... the best value (global minimum).
   VIOL   ... difference from the best value.
   RVIOL  ... relative difference from the best value.


-------------------------------------------------------------------------------------------------

Feature 25                           : Phi/Psi pair of dihedral restraints     
List of the RVIOL violations larger than   :       6.5000

    #   ICSR  RESNO1/2 ATM1/2   INDATM1/2    FEAT   restr    viol   rviol   RESTR    VIOL   RVIOL
    1   4701  10T  11A C   N      84   86   51.88   55.40    7.05    0.26  -62.50  142.63   28.89
    1         11A  11A N   CA     86   87   44.31   38.20                  -40.90
    2   4706  15S  16V C   N     118  120  -60.34  -62.40    2.58    0.44 -125.40 -172.50   10.53
    2         16V  16V N   CA    120  121  -40.84  -42.40                  143.30
    3   4717  26D  27D C   N     197  199   55.64   54.50   10.52    0.68  -96.50  173.67    7.20
    3         27D  27D N   CA    199  200   30.44   40.90                  114.20
    4   4736  45L  46Y C   N     342  344 -121.56  -98.40   52.69    5.01  -63.50  137.35   19.31
    4         46Y  46Y N   CA    344  345   81.07  128.40                  -43.40
    5   4737  46Y  47P C   N     354  356  -74.43  -64.50   16.07    1.70  -58.70  165.82   12.47
    5         47P  47P N   CA    356  357  134.57  147.20                  -30.50
    6   4738  47P  48N C   N     361  363  174.82 -119.90  103.47    3.12  -63.20  158.77   25.93
    6         48N  48N N   CA    363  364 -142.73  137.00                  -41.10
    7   4748  57K  58G C   N     444  446   79.71   78.70   16.19    0.42   82.20  169.25    8.09
    7         58G  58G N   CA    446  447  177.74 -166.10                    8.50
    8   4758  67A  68D C   N     519  521  -60.76  -96.50   36.00    1.47  -63.30  149.90   18.66
    8         68D  68D N   CA    521  522  109.88  114.20                  -40.00
    9   4759  68D  69G C   N     527  529   82.27   82.20    9.52    0.46  -62.40  150.15   28.07
    9         69G  69G N   CA    529  530   -1.01    8.50                  -41.20
   10   4788  97P  98A C   N     765  767  -67.08  -62.50   12.06    1.82 -134.00 -171.02    8.72
   10         98A  98A N   CA    767  768  -29.74  -40.90                  147.00
   11   4792 101T 102A C   N     792  794   91.43 -134.00  137.37    3.60  -62.50 -148.88   32.87
   11        102A 102A N   CA    794  795  174.61  147.00                  -40.90
   12   4798 107S 108Y C   N     837  839 -124.45 -124.30    0.46    0.03  -63.50 -171.51   27.11
   12        108Y 108Y N   CA    839  840  134.96  135.40                  -43.40
   13   4799 108Y 109N C   N     849  851  -92.30 -119.90   56.09    1.85  -63.20  132.50   15.14
   13        109N 109N N   CA    851  852   88.16  137.00                  -41.10
   14   4803 112V 113V C   N     886  888 -138.66 -125.40   61.23    2.68  -62.40  137.59   22.01
   14        113V 113V N   CA    888  889 -156.93  143.30                  -42.40
   15   4804 113V 114D C   N     893  895  -61.33  -63.30    5.98    0.65  -96.50  163.67    6.90
   15        114D 114D N   CA    895  896  -45.64  -40.00                  114.20
   16   4808 117V 118I C   N     923  925   65.86  -97.30  163.22    6.76 -120.60  173.54   12.01
   16        118I 118I N   CA    925  926  131.61  127.20                  130.30
   17   4812 121Y 122P C   N     960  962  -76.94  -58.70   29.76    1.87  -64.50  154.68   12.21
   17        122P 122P N   CA    962  963   -6.98  -30.50                  147.20
   18   4813 122P 123N C   N     967  969  -59.01  -63.20    6.53    0.71 -119.90 -172.93    9.67
   18        123N 123N N   CA    969  970  -46.11  -41.10                  137.00
   19   4835 144S 145E C   N    1144 1146  -62.61  -69.30   10.44    0.96  -63.60  169.19   22.50
   19        145E 145E N   CA   1146 1147  150.51  142.50                  -40.30
   20   4836 145E 146G C   N    1153 1155   82.21   82.20   20.95    1.02  -62.40  147.44   27.31
   20        146G 146G N   CA   1155 1156  -12.45    8.50                  -41.20
   21   4837 146G 147G C   N    1157 1159  -92.12  -80.20   12.67    0.93   82.20 -122.52    7.76
   21        147G 147G N   CA   1159 1160  169.78  174.10                    8.50
   22   4844 153K 154D C   N    1209 1211   47.07   54.50   23.17    1.20  -63.30  150.86   25.24
   22        154D 154D N   CA   1211 1212   62.84   40.90                  -40.00
   23   4847 156T 157N C   N    1231 1233 -118.85 -119.90   73.59    3.32   55.90  176.38   18.58
   23        157N 157N N   CA   1233 1234   63.42  137.00                   39.50
   24   4854 163W 164P C   N    1290 1292  -74.36  -58.70   21.65    1.56  -64.50  163.05   12.69
   24        164P 164P N   CA   1292 1293  -15.55  -30.50                  147.20


report______> Distribution of short non-bonded contacts:


DISTANCE1:  0.00 2.10 2.20 2.30 2.40 2.50 2.60 2.70 2.80 2.90 3.00 3.10 3.20 3.30 3.40
DISTANCE2:  2.10 2.20 2.30 2.40 2.50 2.60 2.70 2.80 2.90 3.00 3.10 3.20 3.30 3.40 3.50
FREQUENCY:     0    0    0    0    0   19   21   99   84  129  105  158  139  167  150


<< end of ENERGY.
>> Model assessment by DOPE potential
iatmcls_286W> MODEL atom not classified:  VAL:OXT  VAL


>> ENERGY; Differences between the model's features and restraints:
Number of all residues in MODEL                   :      166
Number of all, selected real atoms                :     1317    1317
Number of all, selected pseudo atoms              :        0       0
Number of all static, selected restraints         :    11279   11279
COVALENT_CYS                                      :        F
NONBONDED_SEL_ATOMS                               :        1
Number of non-bonded pairs (excluding 1-2,1-3,1-4):   179390
Dynamic pairs routine                             : 1, NATM x NATM double loop
Atomic shift for contacts update (UPDATE_DYNAMIC) :    0.390
LENNARD_JONES_SWITCH                              :    6.500   7.500
COULOMB_JONES_SWITCH                              :    6.500   7.500
RESIDUE_SPAN_RANGE                                :        1    9999
NLOGN_USE                                         :       15
CONTACT_SHELL                                     :   15.000
DYNAMIC_PAIRS,_SPHERE,_COULOMB,_LENNARD,_MODELLER :        T       F       F       F       T
SPHERE_STDV                                       :    0.050
RADII_FACTOR                                      :    0.820
Current energy                                    :      -11527.1475




<< end of ENERGY.
DOPE score               : -11527.147461
>> Model assessment by GA341 potential

Surface library          : /Library/modeller-9.13/modlib/surf5.de
Pair library             : /Library/modeller-9.13/modlib/pair9.de
Chain identifier         : _
% sequence identity      :    21.687000
Sequence length          :          166
Compactness              :     0.150071
Native energy (pair)     :    41.445009
Native energy (surface)  :     6.940340
Native energy (combined) :     3.462203
Z score (pair)           :    -2.101404
Z score (surface)        :    -2.211186
Z score (combined)       :    -2.668750
GA341 score              :     0.117888

iupac_m_397W> Atoms were not swapped because of the uncertainty of how to handle the H atom.


>> ENERGY; Differences between the model's features and restraints:
Number of all residues in MODEL                   :      166
Number of all, selected real atoms                :     1317    1317
Number of all, selected pseudo atoms              :        0       0
Number of all static, selected restraints         :    11279   11279
COVALENT_CYS                                      :        F
NONBONDED_SEL_ATOMS                               :        1
Number of non-bonded pairs (excluding 1-2,1-3,1-4):     2428
Dynamic pairs routine                             : 2, NATM x NATM cell sorting
Atomic shift for contacts update (UPDATE_DYNAMIC) :    0.390
LENNARD_JONES_SWITCH                              :    6.500   7.500
COULOMB_JONES_SWITCH                              :    6.500   7.500
RESIDUE_SPAN_RANGE                                :        0   99999
NLOGN_USE                                         :       15
CONTACT_SHELL                                     :    4.000
DYNAMIC_PAIRS,_SPHERE,_COULOMB,_LENNARD,_MODELLER :        T       T       F       F       F
SPHERE_STDV                                       :    0.050
RADII_FACTOR                                      :    0.820
Current energy                                    :         969.8981





Summary of the restraint violations: 

   NUM     ... number of restraints.
   NUMVI   ... number of restraints with RVIOL > VIOL_REPORT_CUT[i].
   RVIOL   ... relative difference from the best value.
   NUMVP   ... number of restraints with -Ln(pdf) > VIOL_REPORT_CUT2[i].
   RMS_1   ... RMS(feature, minimally_violated_basis_restraint, NUMB).
   RMS_2   ... RMS(feature, best_value, NUMB).
   MOL.PDF ... scaled contribution to -Ln(Molecular pdf).

 #                     RESTRAINT_GROUP      NUM   NUMVI  NUMVP   RMS_1   RMS_2         MOL.PDF     S_i
------------------------------------------------------------------------------------------------------
 1 Bond length potential              :    1351       0      0   0.003   0.003      3.9376       1.000
 2 Bond angle potential               :    1845       0      0   1.595   1.595      89.066       1.000
 3 Stereochemical cosine torsion poten:     916       0     35  47.346  47.346      321.69       1.000
 4 Stereochemical improper torsion pot:     579       0      0   0.875   0.875      9.1097       1.000
 5 Soft-sphere overlap restraints     :    2428       0      0   0.002   0.002      1.5339       1.000
 6 Lennard-Jones 6-12 potential       :       0       0      0   0.000   0.000      0.0000       1.000
 7 Coulomb point-point electrostatic p:       0       0      0   0.000   0.000      0.0000       1.000
 8 H-bonding potential                :       0       0      0   0.000   0.000      0.0000       1.000
 9 Distance restraints 1 (CA-CA)      :    2097       0      2   0.836   0.836      113.59       1.000
10 Distance restraints 2 (N-O)        :    2190       0      3   0.976   0.976      173.03       1.000
11 Mainchain Phi dihedral restraints  :       0       0      0   0.000   0.000      0.0000       1.000
12 Mainchain Psi dihedral restraints  :       0       0      0   0.000   0.000      0.0000       1.000
13 Mainchain Omega dihedral restraints:     165       0      0   3.485   3.485      23.630       1.000
14 Sidechain Chi_1 dihedral restraints:     145       0      1  80.579  80.579      39.204       1.000
15 Sidechain Chi_2 dihedral restraints:     106       0      0  62.815  62.815      35.241       1.000
16 Sidechain Chi_3 dihedral restraints:      40       0      0  67.306  67.306      26.232       1.000
17 Sidechain Chi_4 dihedral restraints:      12       0      0  74.925  74.925      6.1664       1.000
18 Disulfide distance restraints      :       0       0      0   0.000   0.000      0.0000       1.000
19 Disulfide angle restraints         :       0       0      0   0.000   0.000      0.0000       1.000
20 Disulfide dihedral angle restraints:       0       0      0   0.000   0.000      0.0000       1.000
21 Lower bound distance restraints    :       0       0      0   0.000   0.000      0.0000       1.000
22 Upper bound distance restraints    :       0       0      0   0.000   0.000      0.0000       1.000
23 Distance restraints 3 (SDCH-MNCH)  :    1414       0      0   0.747   0.747      19.394       1.000
24 Sidechain Chi_5 dihedral restraints:       0       0      0   0.000   0.000      0.0000       1.000
25 Phi/Psi pair of dihedral restraints:     164      39     20  30.796  84.559      84.758       1.000
26 Distance restraints 4 (SDCH-SDCH)  :     255       0      0   1.903   1.903      23.320       1.000
27 Distance restraints 5 (X-Y)        :       0       0      0   0.000   0.000      0.0000       1.000
28 NMR distance restraints 6 (X-Y)    :       0       0      0   0.000   0.000      0.0000       1.000
29 NMR distance restraints 7 (X-Y)    :       0       0      0   0.000   0.000      0.0000       1.000
30 Minimal distance restraints        :       0       0      0   0.000   0.000      0.0000       1.000
31 Non-bonded restraints              :       0       0      0   0.000   0.000      0.0000       1.000
32 Atomic accessibility restraints    :       0       0      0   0.000   0.000      0.0000       1.000
33 Atomic density restraints          :       0       0      0   0.000   0.000      0.0000       1.000
34 Absolute position restraints       :       0       0      0   0.000   0.000      0.0000       1.000
35 Dihedral angle difference restraint:       0       0      0   0.000   0.000      0.0000       1.000
36 GBSA implicit solvent potential    :       0       0      0   0.000   0.000      0.0000       1.000
37 EM density fitting potential       :       0       0      0   0.000   0.000      0.0000       1.000
38 SAXS restraints                    :       0       0      0   0.000   0.000      0.0000       1.000
39 Symmetry restraints                :       0       0      0   0.000   0.000      0.0000       1.000



# Heavy relative violation of each residue is written to: T0644.V99990004
# The profile is NOT normalized by the number of restraints.
# The profiles are smoothed over a window of residues:    1
# The sum of all numbers in the file:   17945.2930



List of the violated restraints:
   A restraint is violated when the relative difference
   from the best value (RVIOL) is larger than CUTOFF.

   ICSR   ... index of a restraint in the current set.
   RESNO  ... residue numbers of the first two atoms.
   ATM    ... IUPAC atom names of the first two atoms.
   FEAT   ... the value of the feature in the model.
   restr  ... the mean of the basis restraint with the smallest
              difference from the model (local minimum).
   viol   ... difference from the local minimum.
   rviol  ... relative difference from the local minimum.
   RESTR  ... the best value (global minimum).
   VIOL   ... difference from the best value.
   RVIOL  ... relative difference from the best value.


-------------------------------------------------------------------------------------------------

Feature 25                           : Phi/Psi pair of dihedral restraints     
List of the RVIOL violations larger than   :       6.5000

    #   ICSR  RESNO1/2 ATM1/2   INDATM1/2    FEAT   restr    viol   rviol   RESTR    VIOL   RVIOL
    1   4694   3F   4L C   N      27   29  -84.61 -108.50   88.70    4.51  -63.50   90.77   11.57
    1          4L   4L N   CA     29   30   47.08  132.50                  -41.20
    2   4701  10T  11A C   N      84   86   50.18   55.40   14.33    0.53  -62.50  145.75   29.42
    2         11A  11A N   CA     86   87   51.55   38.20                  -40.90
    3   4703  12V  13L C   N      96   98  -66.50  -63.50    4.46    0.80 -108.50 -178.08    9.34
    3         13L  13L N   CA     98   99  -44.50  -41.20                  132.50
    4   4704  13L  14L C   N     104  106   59.22  -70.70  134.16   10.98  -70.70  134.16   10.98
    4         14L  14L N   CA    106  107  108.11  141.60                  141.60
    5   4706  15S  16V C   N     118  120  -60.16  -62.40    3.56    0.58 -125.40 -171.30   10.59
    5         16V  16V N   CA    120  121  -39.63  -42.40                  143.30
    6   4713  22S  23C C   N     171  173   62.87   57.40   18.84    0.65 -117.90 -142.55    9.33
    6         23C  23C N   CA    173  174   17.97   36.00                  141.10
    7   4718  27D  28D C   N     205  207  158.42  -96.50  108.09    4.44  -70.90  131.12   10.26
    7         28D  28D N   CA    207  208  139.53  114.20                  150.30
    8   4736  45L  46Y C   N     342  344 -127.71 -124.30   54.53    3.03  -63.50  139.98   19.55
    8         46Y  46Y N   CA    344  345   80.98  135.40                  -43.40
    9   4737  46Y  47P C   N     354  356  -74.57  -64.50   15.32    1.65  -58.70  166.90   12.55
    9         47P  47P N   CA    356  357  135.65  147.20                  -30.50
   10   4738  47P  48N C   N     361  363  169.59 -119.90  109.40    3.28  -63.20  160.75   26.32
   10         48N  48N N   CA    363  364 -139.36  137.00                  -41.10
   11   4748  57K  58G C   N     444  446   82.79   78.70   10.13    0.15   82.20  176.13    8.58
   11         58G  58G N   CA    446  447 -175.37 -166.10                    8.50
   12   4758  67A  68D C   N     519  521  -63.76  -96.50   32.80    1.34  -63.30  156.11   19.24
   12         68D  68D N   CA    521  522  116.11  114.20                  -40.00
   13   4759  68D  69G C   N     527  529   91.61   82.20   24.30    0.74  -62.40  156.41   28.88
   13         69G  69G N   CA    529  530  -13.90    8.50                  -41.20
   14   4769  78A  79N C   N     614  616  -86.06 -119.90   44.24    1.28  -63.20  151.33   17.75
   14         79N  79N N   CA    616  617  108.49  137.00                  -41.10
   15   4770  79N  80A C   N     622  624  -54.64  -68.20   38.29    2.62   55.40  131.12    9.16
   15         80A  80A N   CA    624  625  109.49  145.30                   38.20
   16   4780  89L  90N C   N     705  707  -63.43  -63.20   12.48    1.57 -119.90  178.59    9.20
   16         90N  90N N   CA    707  708  -53.58  -41.10                  137.00
   17   4781  90N  91S C   N     713  715  171.58 -136.60   75.34    2.47  -64.10  172.17   21.35
   17         91S  91S N   CA    715  716 -154.11  151.20                  -35.00
   18   4782  91S  92I C   N     719  721  -60.51  -63.40    2.89    0.52 -120.60 -176.13    8.34
   18         92I  92I N   CA    721  722  -43.47  -43.60                  130.30
   19   4783  92I  93N C   N     727  729  -73.45  -71.20    4.52    0.35   55.90  163.12   11.22
   19         93N  93N N   CA    729  730  138.88  142.80                   39.50
   20   4784  93N  94N C   N     735  737 -149.18 -119.90   91.49    3.42  -63.20  128.30   20.57
   20         94N  94N N   CA    737  738 -136.32  137.00                  -41.10
   21   4791 100L 101T C   N     785  787 -127.09 -124.80    7.62    0.39  -63.20 -170.57   20.78
   21        101T 101T N   CA    787  788  136.23  143.50                  -42.10
   22   4797 106S 107S C   N     831  833  -79.09  -72.40   46.51    2.51  -64.10  127.45   10.20
   22        107S 107S N   CA    833  834 -161.57  152.40                  -35.00
   23   4798 107S 108Y C   N     837  839  -99.57  -98.40   12.82    1.35  -63.50  163.08   24.13
   23        108Y 108Y N   CA    839  840  115.64  128.40                  -43.40
   24   4799 108Y 109N C   N     849  851 -150.84 -119.90   41.54    2.24  -63.20  174.05   18.71
   24        109N 109N N   CA    851  852  109.28  137.00                  -41.10
   25   4800 109N 110N C   N     857  859  -67.15  -63.20   13.30    1.89 -119.90  177.23    9.08
   25        110N 110N N   CA    859  860  -53.80  -41.10                  137.00
   26   4803 112V 113V C   N     886  888 -143.14 -125.40   50.21    1.98  -62.40  150.77   23.96
   26        113V 113V N   CA    888  889 -169.73  143.30                  -42.40
   27   4804 113V 114D C   N     893  895  -63.48  -63.30    0.22    0.03  -96.50  157.57    6.64
   27        114D 114D N   CA    895  896  -39.87  -40.00                  114.20
   28   4807 116V 117V C   N     916  918  -56.56  -62.40   13.83    1.52 -125.40  175.80    9.96
   28        117V 117V N   CA    918  919  -54.94  -42.40                  143.30
   29   4814 123N 124E C   N     975  977  -60.28  -63.60    3.34    0.51 -117.80 -173.41    8.10
   29        124E 124E N   CA    977  978  -40.71  -40.30                  136.80
   30   4815 124E 125P C   N     984  986  -76.44  -64.50   28.16    1.65  -58.70  157.80   14.50
   30        125P 125P N   CA    986  987  172.70  147.20                  -30.50
   31   4835 144S 145E C   N    1144 1146  -65.69  -69.30    8.84    0.78  -63.60  169.14   22.67
   31        145E 145E N   CA   1146 1147  150.57  142.50                  -40.30
   32   4836 145E 146G C   N    1153 1155   82.01   82.20   18.51    0.91  -62.40  147.74   27.43
   32        146G 146G N   CA   1155 1156  -10.01    8.50                  -41.20
   33   4837 146G 147G C   N    1157 1159  -92.08  -80.20   11.98    0.74   82.20 -118.48    7.73
   33        147G 147G N   CA   1159 1160  175.71  174.10                    8.50
   34   4843 152E 153K C   N    1200 1202  -60.16  -62.90   22.53    2.79 -118.00  168.01    8.67
   34        153K 153K N   CA   1202 1203  -63.16  -40.80                  139.10
   35   4844 153K 154D C   N    1209 1211 -109.24  -70.90   61.87    2.24  -63.30  129.57   18.96
   35        154D 154D N   CA   1211 1212 -161.15  150.30                  -40.00
   36   4847 156T 157N C   N    1231 1233 -144.84 -119.90   32.69    1.76   55.90  176.63   21.80
   36        157N 157N N   CA   1233 1234  115.88  137.00                   39.50
   37   4848 157N 158G C   N    1239 1241   63.00   78.70   49.14    0.82   82.20  129.47    7.24
   37        158G 158G N   CA   1241 1242 -119.53 -166.10                    8.50
   38   4854 163W 164P C   N    1290 1292  -75.28  -58.70   20.79    1.68  -64.50  165.51   12.93
   38        164P 164P N   CA   1292 1293  -17.96  -30.50                  147.20
   39   4855 164P 165R C   N    1297 1299   61.38   57.30   15.19    0.77 -125.20 -150.68   11.09
   39        165R 165R N   CA   1299 1300   23.37   38.00                  140.60


report______> Distribution of short non-bonded contacts:


DISTANCE1:  0.00 2.10 2.20 2.30 2.40 2.50 2.60 2.70 2.80 2.90 3.00 3.10 3.20 3.30 3.40
DISTANCE2:  2.10 2.20 2.30 2.40 2.50 2.60 2.70 2.80 2.90 3.00 3.10 3.20 3.30 3.40 3.50
FREQUENCY:     0    0    0    0    0   12   19   70  111  126  118  140  174  138  166


<< end of ENERGY.
>> Model assessment by DOPE potential
iatmcls_286W> MODEL atom not classified:  VAL:OXT  VAL


>> ENERGY; Differences between the model's features and restraints:
Number of all residues in MODEL                   :      166
Number of all, selected real atoms                :     1317    1317
Number of all, selected pseudo atoms              :        0       0
Number of all static, selected restraints         :    11279   11279
COVALENT_CYS                                      :        F
NONBONDED_SEL_ATOMS                               :        1
Number of non-bonded pairs (excluding 1-2,1-3,1-4):   176608
Dynamic pairs routine                             : 1, NATM x NATM double loop
Atomic shift for contacts update (UPDATE_DYNAMIC) :    0.390
LENNARD_JONES_SWITCH                              :    6.500   7.500
COULOMB_JONES_SWITCH                              :    6.500   7.500
RESIDUE_SPAN_RANGE                                :        1    9999
NLOGN_USE                                         :       15
CONTACT_SHELL                                     :   15.000
DYNAMIC_PAIRS,_SPHERE,_COULOMB,_LENNARD,_MODELLER :        T       F       F       F       T
SPHERE_STDV                                       :    0.050
RADII_FACTOR                                      :    0.820
Current energy                                    :      -11281.9209




<< end of ENERGY.
DOPE score               : -11281.920898
>> Model assessment by GA341 potential

Surface library          : /Library/modeller-9.13/modlib/surf5.de
Pair library             : /Library/modeller-9.13/modlib/pair9.de
Chain identifier         : _
% sequence identity      :    21.687000
Sequence length          :          166
Compactness              :     0.152583
Native energy (pair)     :    36.105627
Native energy (surface)  :     5.603798
Native energy (combined) :     2.967384
Z score (pair)           :    -2.387389
Z score (surface)        :    -2.457681
Z score (combined)       :    -3.016112
GA341 score              :     0.163684



>> ENERGY; Differences between the model's features and restraints:
Number of all residues in MODEL                   :      166
Number of all, selected real atoms                :     1317    1317
Number of all, selected pseudo atoms              :        0       0
Number of all static, selected restraints         :    11279   11279
COVALENT_CYS                                      :        F
NONBONDED_SEL_ATOMS                               :        1
Number of non-bonded pairs (excluding 1-2,1-3,1-4):     2425
Dynamic pairs routine                             : 2, NATM x NATM cell sorting
Atomic shift for contacts update (UPDATE_DYNAMIC) :    0.390
LENNARD_JONES_SWITCH                              :    6.500   7.500
COULOMB_JONES_SWITCH                              :    6.500   7.500
RESIDUE_SPAN_RANGE                                :        0   99999
NLOGN_USE                                         :       15
CONTACT_SHELL                                     :    4.000
DYNAMIC_PAIRS,_SPHERE,_COULOMB,_LENNARD,_MODELLER :        T       T       F       F       F
SPHERE_STDV                                       :    0.050
RADII_FACTOR                                      :    0.820
Current energy                                    :        1063.0305





Summary of the restraint violations: 

   NUM     ... number of restraints.
   NUMVI   ... number of restraints with RVIOL > VIOL_REPORT_CUT[i].
   RVIOL   ... relative difference from the best value.
   NUMVP   ... number of restraints with -Ln(pdf) > VIOL_REPORT_CUT2[i].
   RMS_1   ... RMS(feature, minimally_violated_basis_restraint, NUMB).
   RMS_2   ... RMS(feature, best_value, NUMB).
   MOL.PDF ... scaled contribution to -Ln(Molecular pdf).

 #                     RESTRAINT_GROUP      NUM   NUMVI  NUMVP   RMS_1   RMS_2         MOL.PDF     S_i
------------------------------------------------------------------------------------------------------
 1 Bond length potential              :    1351       0      0   0.004   0.004      4.8969       1.000
 2 Bond angle potential               :    1845       0      0   1.818   1.818      114.82       1.000
 3 Stereochemical cosine torsion poten:     916       0     30  47.138  47.138      315.70       1.000
 4 Stereochemical improper torsion pot:     579       0      0   1.063   1.063      13.016       1.000
 5 Soft-sphere overlap restraints     :    2425       0      0   0.003   0.003      2.2497       1.000
 6 Lennard-Jones 6-12 potential       :       0       0      0   0.000   0.000      0.0000       1.000
 7 Coulomb point-point electrostatic p:       0       0      0   0.000   0.000      0.0000       1.000
 8 H-bonding potential                :       0       0      0   0.000   0.000      0.0000       1.000
 9 Distance restraints 1 (CA-CA)      :    2097       0      2   0.886   0.886      128.15       1.000
10 Distance restraints 2 (N-O)        :    2190       0      2   0.923   0.923      164.26       1.000
11 Mainchain Phi dihedral restraints  :       0       0      0   0.000   0.000      0.0000       1.000
12 Mainchain Psi dihedral restraints  :       0       0      0   0.000   0.000      0.0000       1.000
13 Mainchain Omega dihedral restraints:     165       0      3   4.279   4.279      35.622       1.000
14 Sidechain Chi_1 dihedral restraints:     145       0      1  79.905  79.905      44.870       1.000
15 Sidechain Chi_2 dihedral restraints:     106       0      1  77.418  77.418      54.149       1.000
16 Sidechain Chi_3 dihedral restraints:      40       0      0  62.858  62.858      24.343       1.000
17 Sidechain Chi_4 dihedral restraints:      12       0      0  90.462  90.462      9.1977       1.000
18 Disulfide distance restraints      :       0       0      0   0.000   0.000      0.0000       1.000
19 Disulfide angle restraints         :       0       0      0   0.000   0.000      0.0000       1.000
20 Disulfide dihedral angle restraints:       0       0      0   0.000   0.000      0.0000       1.000
21 Lower bound distance restraints    :       0       0      0   0.000   0.000      0.0000       1.000
22 Upper bound distance restraints    :       0       0      0   0.000   0.000      0.0000       1.000
23 Distance restraints 3 (SDCH-MNCH)  :    1414       0      0   0.613   0.613      16.557       1.000
24 Sidechain Chi_5 dihedral restraints:       0       0      0   0.000   0.000      0.0000       1.000
25 Phi/Psi pair of dihedral restraints:     164      30     21  33.370  75.287      115.61       1.000
26 Distance restraints 4 (SDCH-SDCH)  :     255       0      0   1.638   1.638      19.578       1.000
27 Distance restraints 5 (X-Y)        :       0       0      0   0.000   0.000      0.0000       1.000
28 NMR distance restraints 6 (X-Y)    :       0       0      0   0.000   0.000      0.0000       1.000
29 NMR distance restraints 7 (X-Y)    :       0       0      0   0.000   0.000      0.0000       1.000
30 Minimal distance restraints        :       0       0      0   0.000   0.000      0.0000       1.000
31 Non-bonded restraints              :       0       0      0   0.000   0.000      0.0000       1.000
32 Atomic accessibility restraints    :       0       0      0   0.000   0.000      0.0000       1.000
33 Atomic density restraints          :       0       0      0   0.000   0.000      0.0000       1.000
34 Absolute position restraints       :       0       0      0   0.000   0.000      0.0000       1.000
35 Dihedral angle difference restraint:       0       0      0   0.000   0.000      0.0000       1.000
36 GBSA implicit solvent potential    :       0       0      0   0.000   0.000      0.0000       1.000
37 EM density fitting potential       :       0       0      0   0.000   0.000      0.0000       1.000
38 SAXS restraints                    :       0       0      0   0.000   0.000      0.0000       1.000
39 Symmetry restraints                :       0       0      0   0.000   0.000      0.0000       1.000



# Heavy relative violation of each residue is written to: T0644.V99990005
# The profile is NOT normalized by the number of restraints.
# The profiles are smoothed over a window of residues:    1
# The sum of all numbers in the file:   18264.8535



List of the violated restraints:
   A restraint is violated when the relative difference
   from the best value (RVIOL) is larger than CUTOFF.

   ICSR   ... index of a restraint in the current set.
   RESNO  ... residue numbers of the first two atoms.
   ATM    ... IUPAC atom names of the first two atoms.
   FEAT   ... the value of the feature in the model.
   restr  ... the mean of the basis restraint with the smallest
              difference from the model (local minimum).
   viol   ... difference from the local minimum.
   rviol  ... relative difference from the local minimum.
   RESTR  ... the best value (global minimum).
   VIOL   ... difference from the best value.
   RVIOL  ... relative difference from the best value.


-------------------------------------------------------------------------------------------------

Feature 25                           : Phi/Psi pair of dihedral restraints     
List of the RVIOL violations larger than   :       6.5000

    #   ICSR  RESNO1/2 ATM1/2   INDATM1/2    FEAT   restr    viol   rviol   RESTR    VIOL   RVIOL
    1   4701  10T  11A C   N      84   86   48.21   55.40   26.51    1.08  -62.50  152.32   30.53
    1         11A  11A N   CA     86   87   63.72   38.20                  -40.90
    2   4702  11A  12V C   N      89   91  -55.53  -62.40   15.40    1.69 -125.40  175.06    9.93
    2         12V  12V N   CA     91   92  -56.18  -42.40                  143.30
    3   4703  12V  13L C   N      96   98   43.62   60.20   42.76    1.48 -108.50  164.83    7.31
    3         13L  13L N   CA     98   99   69.02   29.60                  132.50
    4   4706  15S  16V C   N     118  120  -60.11  -62.40    2.57    0.44 -125.40 -172.78   10.52
    4         16V  16V N   CA    120  121  -41.23  -42.40                  143.30
    5   4717  26D  27D C   N     197  199  -60.23  -63.30    3.52    0.45  -96.50  160.09    6.75
    5         27D  27D N   CA    199  200  -41.72  -40.00                  114.20
    6   4736  45L  46Y C   N     342  344 -117.98  -98.40   53.92    5.31  -63.50  133.21   18.78
    6         46Y  46Y N   CA    344  345   78.15  128.40                  -43.40
    7   4737  46Y  47P C   N     354  356  -76.31  -64.50   17.67    1.91  -58.70  165.50   12.30
    7         47P  47P N   CA    356  357  134.06  147.20                  -30.50
    8   4738  47P  48N C   N     361  363  172.26 -119.90  106.60    3.21  -63.20  159.51   26.09
    8         48N  48N N   CA    363  364 -140.77  137.00                  -41.10
    9   4748  57K  58G C   N     444  446   84.40   78.70    7.06    0.20   82.20  178.78    8.57
    9         58G  58G N   CA    446  447 -170.27 -166.10                    8.50
   10   4758  67A  68D C   N     519  521  -61.75  -70.90   33.29    1.24  -63.30  158.30   19.63
   10         68D  68D N   CA    521  522  118.29  150.30                  -40.00
   11   4759  68D  69G C   N     527  529   94.52   82.20   39.70    1.33  -62.40  157.37   28.57
   11         69G  69G N   CA    529  530  -29.24    8.50                  -41.20
   12   4781  90N  91S C   N     713  715  -53.23  -72.40   23.37    1.20  -64.10  174.37   13.31
   12         91S  91S N   CA    715  716  139.03  152.40                  -35.00
   13   4782  91S  92I C   N     719  721  -61.60  -63.40    2.96    0.45 -120.60 -174.13    8.49
   13         92I  92I N   CA    721  722  -45.95  -43.60                  130.30
   14   4783  92I  93N C   N     727  729  -82.46  -71.20   77.61    5.29   55.90  140.87   14.39
   14         93N  93N N   CA    729  730   66.01  142.80                   39.50
   15   4791 100L 101T C   N     785  787 -128.99 -124.80   24.62    0.93  -63.20  163.93   25.34
   15        101T 101T N   CA    787  788  167.76  143.50                  -42.10
   16   4797 106S 107S C   N     831  833  -80.91  -72.40   41.25    2.15  -64.10  133.30   10.75
   16        107S 107S N   CA    833  834 -167.23  152.40                  -35.00
   17   4798 107S 108Y C   N     837  839  -69.97  -98.40   30.06    1.42  -63.50  178.54   28.66
   17        108Y 108Y N   CA    839  840  138.18  128.40                  -43.40
   18   4799 108Y 109N C   N     849  851  -92.52  -71.20   30.54    2.45  -63.20  164.65   19.11
   18        109N 109N N   CA    851  852  120.92  142.80                  -41.10
   19   4803 112V 113V C   N     886  888 -145.79 -125.40   68.97    2.85  -62.40  136.78   22.26
   19        113V 113V N   CA    888  889 -150.81  143.30                  -42.40
   20   4804 113V 114D C   N     893  895  -59.63  -63.30    7.32    0.78  -96.50  164.71    6.94
   20        114D 114D N   CA    895  896  -46.33  -40.00                  114.20
   21   4808 117V 118I C   N     923  925   68.85  -97.30  166.63    7.20 -120.60  171.27   12.37
   21        118I 118I N   CA    925  926  114.56  127.20                  130.30
   22   4812 121Y 122P C   N     960  962  -77.26  -58.70   30.10    1.90  -64.50  154.53   12.22
   22        122P 122P N   CA    962  963   -6.80  -30.50                  147.20
   23   4814 123N 124E C   N     975  977  -60.22  -63.60    5.62    0.93 -117.80 -178.04    7.86
   23        124E 124E N   CA    977  978  -35.81  -40.30                  136.80
   24   4828 137K 138K C   N    1083 1085  -68.62  -70.20   32.21    2.37  -62.90  146.74   19.37
   24        138K 138K N   CA   1085 1086  172.57  140.40                  -40.80
   25   4829 138K 139V C   N    1092 1094   77.40  -62.40  142.23   21.20  -62.40  142.23   21.20
   25        139V 139V N   CA   1094 1095  -68.56  -42.40                  -42.40
   26   4837 146G 147G C   N    1157 1159 -145.94 -167.20   22.91    0.33   82.20 -154.54   15.45
   26        147G 147G N   CA   1159 1160  166.06  174.60                    8.50
   27   4838 147G 148G C   N    1161 1163   55.08   78.70   83.99    1.49  -62.40  125.55   20.22
   27        148G 148G N   CA   1163 1164  -85.50 -166.10                  -41.20
   28   4844 153K 154D C   N    1209 1211  -55.35  -96.50   41.23    1.69  -63.30  151.73   19.22
   28        154D 154D N   CA   1211 1212  111.53  114.20                  -40.00
   29   4847 156T 157N C   N    1231 1233  -78.19  -63.20   29.33    3.15   55.90  145.07   17.87
   29        157N 157N N   CA   1233 1234  -15.88  -41.10                   39.50
   30   4855 164P 165R C   N    1297 1299  -61.07  -63.00    6.15    0.72 -125.20 -176.00    9.95
   30        165R 165R N   CA   1299 1300  -46.94  -41.10                  140.60


report______> Distribution of short non-bonded contacts:


DISTANCE1:  0.00 2.10 2.20 2.30 2.40 2.50 2.60 2.70 2.80 2.90 3.00 3.10 3.20 3.30 3.40
DISTANCE2:  2.10 2.20 2.30 2.40 2.50 2.60 2.70 2.80 2.90 3.00 3.10 3.20 3.30 3.40 3.50
FREQUENCY:     0    0    0    0    0   10   20   82  103  108  128  132  156  178  171


<< end of ENERGY.
>> Model assessment by DOPE potential
iatmcls_286W> MODEL atom not classified:  VAL:OXT  VAL


>> ENERGY; Differences between the model's features and restraints:
Number of all residues in MODEL                   :      166
Number of all, selected real atoms                :     1317    1317
Number of all, selected pseudo atoms              :        0       0
Number of all static, selected restraints         :    11279   11279
COVALENT_CYS                                      :        F
NONBONDED_SEL_ATOMS                               :        1
Number of non-bonded pairs (excluding 1-2,1-3,1-4):   175348
Dynamic pairs routine                             : 1, NATM x NATM double loop
Atomic shift for contacts update (UPDATE_DYNAMIC) :    0.390
LENNARD_JONES_SWITCH                              :    6.500   7.500
COULOMB_JONES_SWITCH                              :    6.500   7.500
RESIDUE_SPAN_RANGE                                :        1    9999
NLOGN_USE                                         :       15
CONTACT_SHELL                                     :   15.000
DYNAMIC_PAIRS,_SPHERE,_COULOMB,_LENNARD,_MODELLER :        T       F       F       F       T
SPHERE_STDV                                       :    0.050
RADII_FACTOR                                      :    0.820
Current energy                                    :      -11563.1592




<< end of ENERGY.
DOPE score               : -11563.159180
>> Model assessment by GA341 potential

Surface library          : /Library/modeller-9.13/modlib/surf5.de
Pair library             : /Library/modeller-9.13/modlib/pair9.de
Chain identifier         : _
% sequence identity      :    21.687000
Sequence length          :          166
Compactness              :     0.115178
Native energy (pair)     :     3.119081
Native energy (surface)  :     6.019418
Native energy (combined) :     1.783694
Z score (pair)           :    -3.435440
Z score (surface)        :    -2.533201
Z score (combined)       :    -3.604681
GA341 score              :     0.251286


>> Summary of successfully produced models:
Filename                          molpdf     DOPE score    GA341 score
----------------------------------------------------------------------
T0644.B99990001.pdb           1136.21533   -11492.75391        0.19128
T0644.B99990002.pdb           1033.39490   -10978.57812        0.08823
T0644.B99990003.pdb            975.27228   -11527.14746        0.11789
T0644.B99990004.pdb            969.89813   -11281.92090        0.16368
T0644.B99990005.pdb           1063.03052   -11563.15918        0.25129

Total CPU time [seconds]                                 :      30.37
